     1                                 %line 1+1 00-hello-world.asm
     2                                 
     3                                 
     4                                 
     5                                 [section .data]
     6                                 
     7                                 
     8                                 
     9                                 
    10                                 
    11                                 EXIT_SUCESS equ 0
    12                                 SYS_exit equ 60
    13                                 
    14                                 
    15                                 
    16                                 
    17 00000000 11                     bVar1 db 17
    18 00000001 09                     bVar2 db 9
    19 00000002 00                     bResult db 0
    20                                 
    21                                 
    22                                 
    23                                 
    24 00000003 6842                   wVar1 dw 17000
    25 00000005 2823                   wVar2 dw 9000
    26 00000007 0000                   wResult dw 0
    27                                 
    28                                 
    29                                 
    30                                 
    31 00000009 40660301               dVar1 dd 17000000
    32 0000000D 40548900               dVar2 dd 9000000
    33 00000011 00000000               dResult dd 0
    34                                 
    35                                 
    36                                 
    37                                 
    38 00000015 80FE210A00000000       qVar1 dq 170000000
    39 0000001D 804A5D0500000000       qVar2 dq 90000000
    40 00000025 0000000000000000       qResult dq 0
    41                                 
    42                                 
    43                                 
    44                                 
    45                                 [section .text]
    46                                 [global _start]
    47                                 _start:
    48                                 
    49                                 
    50                                 
    51                                 
    52                                 
    53                                 
    54                                 
    55 00000000 8A0425[00000000]        mov al, byte [bVar1]
    56 00000007 020425[00000000]        add al, byte [bVar2]
    57 0000000E 880425[00000000]        mov byte [bResult], al
    58                                 
    59                                 
    60                                 
    61                                 
    62                                 
    63 00000015 668B0425[00000000]      mov ax, word [wVar1]
    64 0000001D 66030425[00000000]      add ax, word [wVar2]
    65 00000025 66890425[00000000]      mov word [wResult], ax
    66                                 
    67                                 
    68                                 
    69                                 
    70 0000002D 8B0425[00000000]        mov eax, dword [dVar1]
    71 00000034 030425[00000000]        add eax, dword [dVar2]
    72 0000003B 890425[00000000]        mov dword [dResult], eax
    73                                 
    74                                 
    75                                 
    76                                 
    77 00000042 488B0425[00000000]      mov rax, qword [qVar1]
    78 0000004A 48030425[00000000]      add rax, qword [qVar2]
    79 00000052 48890425[00000000]      mov qword [qResult], rax
    80                                 
    81                                 
    82                                 
    83                                 
    84                                 last:
    85 0000005A 48C7C03C000000          mov rax, SYS_exit
    86 00000061 48C7C700000000          mov rdi, EXIT_SUCESS
    87 00000068 0F05                    syscall
